--- Startup times for process: Primary (or UI client) ---

times in msec
 clock   self+sourced   self:  sourced script
 clock   elapsed:              other lines

000.005  000.005: --- NVIM STARTING ---
006.900  006.895: event init
013.570  006.670: early init
013.673  000.103: locale set
019.348  005.675: init first window
037.764  018.416: inits 1
037.788  000.024: window checked
037.795  000.007: parsing arguments
044.208  000.112  000.112: require('vim.shared')
044.359  000.069  000.069: require('vim.inspect')
044.469  000.058  000.058: require('vim._options')
044.474  000.258  000.130: require('vim._editor')
044.476  000.412  000.042: require('vim._init_packages')
044.480  006.273: init lua interpreter
049.799  005.319: nvim_ui_attach
050.508  000.709: nvim_set_client_info
050.514  000.006: --- NVIM STARTED ---

--- Startup times for process: Embedded ---

times in msec
 clock   self+sourced   self:  sourced script
 clock   elapsed:              other lines

000.003  000.003: --- NVIM STARTING ---
000.363  000.361: event init
000.555  000.192: early init
000.617  000.062: locale set
000.688  000.072: init first window
001.277  000.589: inits 1
001.302  000.026: window checked
001.312  000.010: parsing arguments
002.333  000.102  000.102: require('vim.shared')
002.556  000.057  000.057: require('vim.inspect')
002.695  000.083  000.083: require('vim._options')
002.703  000.365  000.225: require('vim._editor')
002.706  000.533  000.067: require('vim._init_packages')
002.710  000.865: init lua interpreter
002.897  000.187: expanding arguments
003.144  000.247: inits 2
004.870  001.726: init highlight
004.882  000.011: waiting for UI
006.208  001.326: done waiting for UI
006.230  000.022: clear screen
006.792  000.068  000.068: require('vim.keymap')
013.241  001.175  001.175: sourcing nvim_exec2()
017.210  002.751  002.751: require('vim.termcap')
017.728  000.040  000.040: require('vim.text')
026.958  020.718  016.684: require('vim._defaults')
026.966  000.018: init default mappings & autocommands
028.810  001.790  001.790: sourcing /opt/nvim-linux-x86_64/share/nvim/runtime/ftplugin.vim
029.861  000.881  000.881: sourcing /opt/nvim-linux-x86_64/share/nvim/runtime/indent.vim
032.259  000.023  000.023: sourcing nvim_exec2() called at /home/sahilshah/.config/nvim/init.lua:0
036.446  000.012  000.012: require('vim.F')
036.508  004.237  004.225: require('vim.diagnostic')
036.588  005.441  001.181: require('config.options')
038.376  001.785  001.785: require('config.keymap')
040.973  001.413  001.413: require('lazy')
041.155  000.135  000.135: require('ffi')
041.289  000.086  000.086: require('vim.fs')
042.359  001.063  001.063: require('vim.uri')
042.421  001.259  000.110: require('vim.loader')
044.906  002.434  002.434: require('lazy.stats')
046.255  001.286  001.286: require('lazy.core.util')
047.497  001.234  001.234: require('lazy.core.config')
049.507  000.886  000.886: require('lazy.core.handler')
052.789  000.928  000.928: require('lazy.pkg')
052.801  002.212  001.284: require('lazy.core.meta')
052.809  003.295  001.083: require('lazy.core.plugin')
052.820  005.315  001.134: require('lazy.core.loader')
054.471  000.649  000.649: require('lazy.core.fragments')
064.319  000.605  000.605: require('lazy.core.handler.event')
065.284  000.948  000.948: require('lazy.core.handler.cmd')
066.489  001.195  001.195: require('lazy.core.handler.ft')
067.335  000.837  000.837: require('lazy.core.handler.keys')
068.246  000.015  000.015: sourcing nvim_exec2() called at /home/sahilshah/.config/nvim/init.lua:0
068.306  000.004  000.004: sourcing nvim_exec2() called at /home/sahilshah/.config/nvim/init.lua:0
070.010  000.308  000.308: sourcing nvim_exec2() called at /opt/nvim-linux-x86_64/share/nvim/runtime/filetype.lua:0
070.040  001.311  001.002: sourcing /opt/nvim-linux-x86_64/share/nvim/runtime/filetype.lua
070.049  001.359  000.048: sourcing nvim_exec2() called at /home/sahilshah/.config/nvim/init.lua:0
070.372  000.008  000.008: sourcing nvim_exec2() called at /home/sahilshah/.config/nvim/init.lua:0
070.392  000.003  000.003: sourcing nvim_exec2() called at /home/sahilshah/.config/nvim/init.lua:0
078.126  002.961  002.961: require('catppuccin')
080.084  001.032  001.032: require('catppuccin.lib.hashing')
083.786  009.301  005.308: sourcing /home/sahilshah/.local/share/nvim/lazy/catppuccin/colors/catppuccin.vim
088.194  000.699  000.699: require('Comment.config')
089.685  000.584  000.584: require('Comment.ft')
089.696  001.496  000.912: require('Comment.utils')
090.227  000.529  000.529: require('Comment.opfunc')
090.795  000.561  000.561: require('Comment.extra')
090.804  005.383  002.097: require('Comment.api')
090.866  006.118  000.735: sourcing /home/sahilshah/.local/share/nvim/lazy/Comment.nvim/plugin/Comment.lua
090.872  006.157  000.039: sourcing nvim_exec2() called at /home/sahilshah/.config/nvim/init.lua:0
090.886  000.006  000.006: sourcing nvim_exec2() called at /home/sahilshah/.config/nvim/init.lua:0
090.947  000.003  000.003: sourcing nvim_exec2() called at /home/sahilshah/.config/nvim/init.lua:0
091.479  000.471  000.471: require('Comment')
092.123  000.007  000.007: sourcing nvim_exec2() called at /home/sahilshah/.config/nvim/init.lua:0
092.135  000.001  000.001: sourcing nvim_exec2() called at /home/sahilshah/.config/nvim/init.lua:0
095.205  000.878  000.878: require('mason-core.path')
097.245  000.472  000.472: require('mason-core.functional.data')
097.730  000.478  000.478: require('mason-core.functional.function')
098.228  000.486  000.486: require('mason-core.functional.list')
098.777  000.490  000.490: require('mason-core.functional.relation')
099.232  000.446  000.446: require('mason-core.functional.logic')
099.679  000.440  000.440: require('mason-core.functional.number')
100.110  000.421  000.421: require('mason-core.functional.string')
100.861  000.741  000.741: require('mason-core.functional.table')
101.476  000.607  000.607: require('mason-core.functional.type')
101.484  005.444  000.864: require('mason-core.functional')
101.521  006.309  000.866: require('mason-core.platform')
102.158  000.635  000.635: require('mason.settings')
102.168  008.485  000.663: require('mason-core.installer.InstallLocation')
104.039  000.530  000.530: require('mason-core.log')
104.046  001.072  000.542: require('mason-core.EventEmitter')
104.665  000.616  000.616: require('mason-registry.sources')
104.675  002.504  000.816: require('mason-registry')
104.678  012.538  001.549: require('mason')
105.375  000.662  000.662: require('mason.api.command')
105.623  000.011  000.011: sourcing nvim_exec2() called at /home/sahilshah/.config/nvim/init.lua:0
105.640  000.003  000.003: sourcing nvim_exec2() called at /home/sahilshah/.config/nvim/init.lua:0
106.044  000.008  000.008: sourcing nvim_exec2() called at /home/sahilshah/.config/nvim/init.lua:0
106.062  000.002  000.002: sourcing nvim_exec2() called at /home/sahilshah/.config/nvim/init.lua:0
108.698  000.905  000.905: sourcing /home/sahilshah/.local/share/nvim/lazy/plenary.nvim/plugin/plenary.vim
108.718  000.979  000.074: sourcing nvim_exec2() called at /home/sahilshah/.config/nvim/init.lua:0
108.744  000.005  000.005: sourcing nvim_exec2() called at /home/sahilshah/.config/nvim/init.lua:0
108.818  000.003  000.003: sourcing nvim_exec2() called at /home/sahilshah/.config/nvim/init.lua:0
109.273  000.013  000.013: sourcing nvim_exec2() called at /home/sahilshah/.config/nvim/init.lua:0
109.292  000.002  000.002: sourcing nvim_exec2() called at /home/sahilshah/.config/nvim/init.lua:0
109.707  000.005  000.005: sourcing nvim_exec2() called at /home/sahilshah/.config/nvim/init.lua:0
109.720  000.002  000.002: sourcing nvim_exec2() called at /home/sahilshah/.config/nvim/init.lua:0
112.080  001.570  001.570: sourcing /home/sahilshah/.local/share/nvim/lazy/telescope.nvim/plugin/telescope.lua
112.105  001.682  000.112: sourcing nvim_exec2() called at /home/sahilshah/.config/nvim/init.lua:0
112.139  000.010  000.010: sourcing nvim_exec2() called at /home/sahilshah/.config/nvim/init.lua:0
112.187  000.003  000.003: sourcing nvim_exec2() called at /home/sahilshah/.config/nvim/init.lua:0
120.801  000.704  000.704: require('telescope.state')
123.568  000.471  000.471: require('plenary.bit')
124.079  000.502  000.502: require('plenary.functional')
124.142  002.143  001.170: require('plenary.path')
124.161  002.580  000.437: require('plenary.strings')
124.547  000.383  000.383: require('telescope.deprecated')
126.082  000.615  000.615: require('plenary.log')
126.242  001.166  000.551: require('telescope.log')
128.101  000.478  000.478: require('plenary.compat')
128.119  001.033  000.556: require('plenary.job')
128.142  001.896  000.863: require('telescope.utils')
128.154  003.601  000.539: require('telescope.sorters')
131.461  010.649  004.086: require('telescope.config')
131.470  013.909  002.555: require('telescope.actions.state')
131.852  000.379  000.379: require('telescope-live-grep-args.helpers')
131.859  014.691  000.403: require('telescope-live-grep-args.actions.quote_prompt')
131.920  019.718  005.027: require('telescope-live-grep-args.actions')
132.574  000.269  000.269: require('telescope._extensions')
132.582  000.649  000.380: require('telescope')
134.512  000.320  000.320: require('telescope-live-grep-args.prompt_parser')
136.181  000.235  000.235: require('plenary.tbl')
136.189  000.475  000.239: require('plenary.vararg.rotate')
136.191  000.707  000.233: require('plenary.vararg')
136.399  000.207  000.207: require('plenary.errors')
136.406  001.135  000.221: require('plenary.async.async')
137.256  000.248  000.248: require('plenary.async.structs')
137.267  000.460  000.212: require('plenary.async.control')
137.273  000.663  000.203: require('plenary.async.util')
137.275  000.866  000.203: require('plenary.async.tests')
137.277  002.251  000.250: require('plenary.async')
137.793  000.240  000.240: require('plenary.window.border')
138.053  000.255  000.255: require('plenary.window')
138.265  000.208  000.208: require('plenary.popup.utils')
138.272  000.993  000.291: require('plenary.popup')
139.041  000.345  000.345: require('telescope.pickers.scroller')
139.486  000.438  000.438: require('telescope.actions.utils')
140.078  000.284  000.284: require('telescope.actions.mt')
140.093  000.602  000.318: require('telescope.actions.set')
141.010  000.311  000.311: require('telescope.config.resolve')
141.017  000.922  000.611: require('telescope.pickers.entry_display')
141.250  000.231  000.231: require('telescope.from_entry')
141.358  003.084  000.546: require('telescope.actions')
141.598  000.237  000.237: require('telescope.debounce')
141.875  000.273  000.273: require('telescope.mappings')
142.129  000.250  000.250: require('telescope.pickers.highlights')
142.403  000.269  000.269: require('telescope.pickers.window')
143.014  000.275  000.275: require('telescope.algos.linked_list')
143.021  000.613  000.338: require('telescope.entry_manager')
143.312  000.290  000.290: require('telescope.pickers.multi')
143.333  008.810  000.550: require('telescope.pickers')
143.613  000.278  000.278: require('telescope.themes')
144.583  000.658  000.658: require('telescope.make_entry')
144.928  000.339  000.339: require('telescope.finders.async_static_finder')
145.791  000.263  000.263: require('plenary.class')
145.809  000.617  000.354: require('telescope._')
145.812  000.879  000.262: require('telescope.finders.async_oneshot_finder')
146.071  000.258  000.258: require('telescope.finders.async_job_finder')
146.134  002.516  000.383: require('telescope.finders')
146.141  012.272  000.348: require('telescope._extensions.live_grep_args')
147.291  000.449  000.449: require('telescope._extensions.file_browser.utils')
149.848  000.576  000.576: require('vim.lsp.log')
151.804  001.949  001.949: require('vim.lsp.protocol')
152.943  001.131  001.131: require('vim.lsp.util')
153.895  000.450  000.450: require('vim.lsp.sync')
153.907  000.956  000.506: require('vim.lsp._changetracking')
154.941  000.483  000.483: require('vim.lsp._transport')
154.965  001.054  000.571: require('vim.lsp.rpc')
155.076  007.474  001.808: require('vim.lsp')
155.085  007.787  000.314: require('telescope._extensions.file_browser.lsp')
157.372  002.284  002.284: require('plenary.scandir')
157.495  011.108  000.589: require('telescope._extensions.file_browser.actions')
159.104  000.459  000.459: require('telescope._extensions.file_browser.git')
159.614  000.503  000.503: require('telescope._extensions.file_browser.make_entry_utils')
160.133  000.514  000.514: require('telescope._extensions.file_browser.fs_stat')
160.141  002.090  000.614: require('telescope._extensions.file_browser.make_entry')
160.146  002.648  000.557: require('telescope._extensions.file_browser.finders')
160.695  000.547  000.547: require('telescope._extensions.file_browser.picker')
161.232  000.531  000.531: require('telescope._extensions.file_browser.config')
161.238  015.092  000.258: require('telescope._extensions.file_browser')
162.784  000.614  000.614: require('lspconfig.util')
162.813  000.980  000.367: sourcing /home/sahilshah/.local/share/nvim/lazy/nvim-lspconfig/plugin/lspconfig.lua
162.820  001.024  000.043: sourcing nvim_exec2() called at /home/sahilshah/.config/nvim/init.lua:0
162.833  000.005  000.005: sourcing nvim_exec2() called at /home/sahilshah/.config/nvim/init.lua:0
162.848  000.001  000.001: sourcing nvim_exec2() called at /home/sahilshah/.config/nvim/init.lua:0
163.588  000.736  000.736: require('telescope.builtin')
164.733  000.624  000.624: require('mason-lspconfig.settings')
164.740  001.132  000.508: require('mason-lspconfig')
165.365  000.559  000.559: require('mason-core.async')
166.460  000.595  000.595: require('mason-core.async.control')
166.979  000.513  000.513: require('mason-core.result')
167.551  000.255  000.255: require('mason-core.async.uv')
167.572  000.587  000.332: require('mason-core.fs')
167.598  002.227  000.532: require('mason-registry.installer')
168.627  000.276  000.276: require('mason-core.optional')
169.691  000.524  000.524: require('mason-core.process')
170.269  000.572  000.572: require('mason-core.spawn')
170.276  001.344  000.248: require('mason-core.installer.managers.powershell')
170.778  000.500  000.500: require('mason.version')
170.785  002.152  000.308: require('mason-core.fetch')
171.327  000.540  000.540: require('mason-core.providers')
173.345  000.426  000.426: require('mason-core.purl')
173.356  000.941  000.515: require('mason-core.package.AbstractPackage')
175.994  001.280  001.280: require('mason-core.installer.compiler.expr')
176.006  001.860  000.580: require('mason-core.installer.compiler.link')
177.517  000.226  000.226: require('mason-core.installer.context.InstallContextCwd')
177.793  000.266  000.266: require('mason-core.installer.context.InstallContextFs')
178.022  000.225  000.225: require('mason-core.installer.context.InstallContextSpawn')
178.250  000.222  000.222: require('mason-core.receipt')
178.274  001.306  000.367: require('mason-core.installer.context')
178.276  001.555  000.249: require('mason-core.installer')
178.346  001.909  000.354: require('mason-core.installer.managers.std')
178.351  002.343  000.434: require('mason-core.installer.compiler.schemas')
178.606  000.253  000.253: require('mason-core.installer.compiler.util')
178.620  004.827  000.370: require('mason-core.installer.compiler')
179.176  000.553  000.553: require('mason-core.installer.linker')
179.184  005.826  000.446: require('mason-core.installer.InstallRunner')
179.455  000.269  000.269: require('mason-core.installer.UninstallRunner')
179.464  007.632  000.596: require('mason-core.package')
179.469  008.136  000.504: require('mason-registry.sources.util')
179.480  011.397  000.294: require('mason-registry.sources.github')
184.517  000.240  000.240: require('mason-lspconfig.mappings')
184.525  000.528  000.288: require('mason-lspconfig.features.automatic_enable')
203.726  000.510  000.510: require('mason-lspconfig.notify')
203.755  001.063  000.552: require('mason-lspconfig.api.command')
205.352  000.907  000.907: sourcing /home/sahilshah/.local/share/nvim/lazy/leap.nvim/plugin/init.lua
205.362  000.952  000.045: sourcing nvim_exec2() called at /home/sahilshah/.config/nvim/init.lua:0
205.374  000.005  000.005: sourcing nvim_exec2() called at /home/sahilshah/.config/nvim/init.lua:0
205.391  000.001  000.001: sourcing nvim_exec2() called at /home/sahilshah/.config/nvim/init.lua:0
206.217  000.821  000.821: require('leap')
206.764  000.540  000.540: require('leap.user')
207.086  000.006  000.006: sourcing nvim_exec2() called at /home/sahilshah/.config/nvim/init.lua:0
207.097  000.001  000.001: sourcing nvim_exec2() called at /home/sahilshah/.config/nvim/init.lua:0
208.641  000.265  000.265: require('auto-session.config')
208.648  000.539  000.273: require('auto-session.logger')
208.668  000.863  000.324: require('auto-session.lib')
208.679  001.532  000.669: require('auto-session')
209.948  000.414  000.414: require('auto-session.autocmds')
210.329  000.317  000.317: require('auto-session.pickers.telescope')
210.737  000.395  000.395: require('telescope._extensions.session-lens')
211.747  000.272  000.272: sourcing /home/sahilshah/.local/share/nvim/lazy/nvim-web-devicons/plugin/nvim-web-devicons.vim
211.755  000.307  000.035: sourcing nvim_exec2() called at /home/sahilshah/.config/nvim/init.lua:0
211.771  000.008  000.008: sourcing nvim_exec2() called at /home/sahilshah/.config/nvim/init.lua:0
211.815  000.002  000.002: sourcing nvim_exec2() called at /home/sahilshah/.config/nvim/init.lua:0
211.828  000.001  000.001: sourcing nvim_exec2() called at /home/sahilshah/.config/nvim/init.lua:0
211.835  000.001  000.001: sourcing nvim_exec2() called at /home/sahilshah/.config/nvim/init.lua:0
212.913  000.299  000.299: require('lualine_require')
213.845  001.955  001.656: require('lualine')
214.073  000.015  000.015: sourcing nvim_exec2() called at /home/sahilshah/.config/nvim/init.lua:0
215.821  000.804  000.804: require('catppuccin.utils.lualine')
216.315  000.488  000.488: require('catppuccin.palettes')
216.591  000.270  000.270: require('catppuccin.palettes.mocha')
217.482  000.016  000.016: sourcing nvim_exec2() called at /home/sahilshah/.config/nvim/init.lua:0
217.502  000.005  000.005: sourcing nvim_exec2() called at /home/sahilshah/.config/nvim/init.lua:0
217.512  000.003  000.003: sourcing nvim_exec2() called at /home/sahilshah/.config/nvim/init.lua:0
217.522  000.004  000.004: sourcing nvim_exec2() called at /home/sahilshah/.config/nvim/init.lua:0
217.529  000.002  000.002: sourcing nvim_exec2() called at /home/sahilshah/.config/nvim/init.lua:0
217.537  000.003  000.003: sourcing nvim_exec2() called at /home/sahilshah/.config/nvim/init.lua:0
217.542  000.002  000.002: sourcing nvim_exec2() called at /home/sahilshah/.config/nvim/init.lua:0
217.550  000.003  000.003: sourcing nvim_exec2() called at /home/sahilshah/.config/nvim/init.lua:0
217.556  000.002  000.002: sourcing nvim_exec2() called at /home/sahilshah/.config/nvim/init.lua:0
217.581  000.002  000.002: sourcing nvim_exec2() called at /home/sahilshah/.config/nvim/init.lua:0
217.588  000.002  000.002: sourcing nvim_exec2() called at /home/sahilshah/.config/nvim/init.lua:0
217.746  000.005  000.005: sourcing nvim_exec2() called at /home/sahilshah/.config/nvim/init.lua:0
217.758  000.003  000.003: sourcing nvim_exec2() called at /home/sahilshah/.config/nvim/init.lua:0
217.764  000.003  000.003: sourcing nvim_exec2() called at /home/sahilshah/.config/nvim/init.lua:0
217.810  000.004  000.004: sourcing nvim_exec2() called at /home/sahilshah/.config/nvim/init.lua:0
217.820  000.003  000.003: sourcing nvim_exec2() called at /home/sahilshah/.config/nvim/init.lua:0
217.825  000.002  000.002: sourcing nvim_exec2() called at /home/sahilshah/.config/nvim/init.lua:0
217.842  000.014  000.014: sourcing nvim_exec2() called at /home/sahilshah/.config/nvim/init.lua:0
221.563  000.216  000.216: require('lualine.utils.mode')
223.807  000.012  000.012: sourcing nvim_exec2() called at /home/sahilshah/.config/nvim/init.lua:0
223.824  000.008  000.008: sourcing nvim_exec2() called at /home/sahilshah/.config/nvim/init.lua:0
224.628  000.011  000.011: sourcing nvim_exec2() called at /home/sahilshah/.config/nvim/init.lua:0
224.646  000.003  000.003: sourcing nvim_exec2() called at /home/sahilshah/.config/nvim/init.lua:0
224.688  000.003  000.003: sourcing nvim_exec2() called at /home/sahilshah/.config/nvim/init.lua:0
224.697  000.002  000.002: sourcing nvim_exec2() called at /home/sahilshah/.config/nvim/init.lua:0
224.703  000.002  000.002: sourcing nvim_exec2() called at /home/sahilshah/.config/nvim/init.lua:0
224.709  000.002  000.002: sourcing nvim_exec2() called at /home/sahilshah/.config/nvim/init.lua:0
224.719  000.004  000.004: sourcing nvim_exec2() called at /home/sahilshah/.config/nvim/init.lua:0
224.728  000.002  000.002: sourcing nvim_exec2() called at /home/sahilshah/.config/nvim/init.lua:0
224.735  000.002  000.002: sourcing nvim_exec2() called at /home/sahilshah/.config/nvim/init.lua:0
224.741  000.002  000.002: sourcing nvim_exec2() called at /home/sahilshah/.config/nvim/init.lua:0
224.747  000.002  000.002: sourcing nvim_exec2() called at /home/sahilshah/.config/nvim/init.lua:0
224.757  000.002  000.002: sourcing nvim_exec2() called at /home/sahilshah/.config/nvim/init.lua:0
224.763  000.002  000.002: sourcing nvim_exec2() called at /home/sahilshah/.config/nvim/init.lua:0
224.771  000.002  000.002: sourcing nvim_exec2() called at /home/sahilshah/.config/nvim/init.lua:0
224.778  000.002  000.002: sourcing nvim_exec2() called at /home/sahilshah/.config/nvim/init.lua:0
224.788  000.002  000.002: sourcing nvim_exec2() called at /home/sahilshah/.config/nvim/init.lua:0
224.795  000.002  000.002: sourcing nvim_exec2() called at /home/sahilshah/.config/nvim/init.lua:0
224.802  000.002  000.002: sourcing nvim_exec2() called at /home/sahilshah/.config/nvim/init.lua:0
224.807  000.002  000.002: sourcing nvim_exec2() called at /home/sahilshah/.config/nvim/init.lua:0
224.848  000.003  000.003: sourcing nvim_exec2() called at /home/sahilshah/.config/nvim/init.lua:0
224.855  000.002  000.002: sourcing nvim_exec2() called at /home/sahilshah/.config/nvim/init.lua:0
225.366  000.014  000.014: sourcing nvim_exec2() called at /home/sahilshah/.config/nvim/init.lua:0
225.379  000.003  000.003: sourcing nvim_exec2() called at /home/sahilshah/.config/nvim/init.lua:0
225.384  000.002  000.002: sourcing nvim_exec2() called at /home/sahilshah/.config/nvim/init.lua:0
225.392  000.005  000.005: sourcing nvim_exec2() called at /home/sahilshah/.config/nvim/init.lua:0
225.802  000.014  000.014: sourcing nvim_exec2() called at /home/sahilshah/.config/nvim/init.lua:0
226.105  000.010  000.010: sourcing nvim_exec2() called at /home/sahilshah/.config/nvim/init.lua:0
226.129  000.017  000.017: sourcing nvim_exec2() called at /home/sahilshah/.config/nvim/init.lua:0
226.142  000.009  000.009: sourcing nvim_exec2() called at /home/sahilshah/.config/nvim/init.lua:0
226.150  000.004  000.004: sourcing nvim_exec2() called at /home/sahilshah/.config/nvim/init.lua:0
227.050  000.323  000.323: sourcing /opt/nvim-linux-x86_64/share/nvim/runtime/plugin/editorconfig.lua
227.058  000.378  000.055: sourcing nvim_exec2() called at /home/sahilshah/.config/nvim/init.lua:0
227.646  000.527  000.527: sourcing /opt/nvim-linux-x86_64/share/nvim/runtime/plugin/gzip.vim
227.653  000.584  000.056: sourcing nvim_exec2() called at /home/sahilshah/.config/nvim/init.lua:0
228.048  000.344  000.344: sourcing /opt/nvim-linux-x86_64/share/nvim/runtime/plugin/man.lua
228.084  000.419  000.075: sourcing nvim_exec2() called at /home/sahilshah/.config/nvim/init.lua:0
228.374  000.245  000.245: sourcing /opt/nvim-linux-x86_64/share/nvim/runtime/plugin/matchit.vim
228.381  000.287  000.041: sourcing nvim_exec2() called at /home/sahilshah/.config/nvim/init.lua:0
228.897  000.477  000.477: sourcing /opt/nvim-linux-x86_64/share/nvim/runtime/plugin/matchparen.vim
228.904  000.511  000.034: sourcing nvim_exec2() called at /home/sahilshah/.config/nvim/init.lua:0
229.175  000.237  000.237: sourcing /opt/nvim-linux-x86_64/share/nvim/runtime/plugin/netrwPlugin.vim
229.181  000.268  000.031: sourcing nvim_exec2() called at /home/sahilshah/.config/nvim/init.lua:0
229.507  000.286  000.286: sourcing /opt/nvim-linux-x86_64/share/nvim/runtime/plugin/osc52.lua
229.513  000.316  000.030: sourcing nvim_exec2() called at /home/sahilshah/.config/nvim/init.lua:0
229.978  000.388  000.388: sourcing /opt/nvim-linux-x86_64/share/nvim/runtime/plugin/rplugin.vim
229.985  000.464  000.076: sourcing nvim_exec2() called at /home/sahilshah/.config/nvim/init.lua:0
230.354  000.281  000.281: sourcing /opt/nvim-linux-x86_64/share/nvim/runtime/plugin/shada.vim
230.361  000.315  000.033: sourcing nvim_exec2() called at /home/sahilshah/.config/nvim/init.lua:0
230.704  000.279  000.279: sourcing /opt/nvim-linux-x86_64/share/nvim/runtime/plugin/spellfile.vim
230.711  000.317  000.038: sourcing nvim_exec2() called at /home/sahilshah/.config/nvim/init.lua:0
231.121  000.372  000.372: sourcing /opt/nvim-linux-x86_64/share/nvim/runtime/plugin/tarPlugin.vim
231.129  000.408  000.036: sourcing nvim_exec2() called at /home/sahilshah/.config/nvim/init.lua:0
231.699  000.520  000.520: sourcing /opt/nvim-linux-x86_64/share/nvim/runtime/plugin/tohtml.lua
231.732  000.592  000.072: sourcing nvim_exec2() called at /home/sahilshah/.config/nvim/init.lua:0
232.074  000.301  000.301: sourcing /opt/nvim-linux-x86_64/share/nvim/runtime/plugin/tutor.vim
232.081  000.340  000.039: sourcing nvim_exec2() called at /home/sahilshah/.config/nvim/init.lua:0
232.490  000.367  000.367: sourcing /opt/nvim-linux-x86_64/share/nvim/runtime/plugin/zipPlugin.vim
232.497  000.404  000.038: sourcing nvim_exec2() called at /home/sahilshah/.config/nvim/init.lua:0
233.850  000.350  000.350: require('cmp_nvim_lsp.source')
233.857  000.648  000.298: require('cmp_nvim_lsp')
233.873  000.938  000.290: sourcing /home/sahilshah/.local/share/nvim/lazy/cmp-nvim-lsp/after/plugin/cmp_nvim_lsp.lua
233.879  001.026  000.087: sourcing nvim_exec2() called at /home/sahilshah/.config/nvim/init.lua:0
233.944  195.561  062.677: require('config.lazy')
233.946  203.938  001.151: sourcing /home/sahilshah/.config/nvim/init.lua
233.951  000.376: sourcing vimrc file(s)
234.166  000.046  000.046: sourcing /opt/nvim-linux-x86_64/share/nvim/runtime/filetype.lua
234.924  000.284  000.284: sourcing /opt/nvim-linux-x86_64/share/nvim/runtime/syntax/synload.vim
235.168  000.950  000.665: sourcing /opt/nvim-linux-x86_64/share/nvim/runtime/syntax/syntax.vim
235.190  000.243: inits 3
239.556  004.367: reading ShaDa
239.653  000.096: opening buffers
239.759  000.106: BufEnter autocommands
239.764  000.005: editing files in windows
241.593  000.379  000.379: require('lazy.util')
241.599  000.905  000.525: require('lazy.view.diff')
242.379  000.447  000.447: require('lazy.view.config')
242.387  000.786  000.340: require('lazy.view.float')
243.448  000.370  000.370: require('lazy.async')
243.456  000.672  000.302: require('lazy.manage.process')
243.782  000.324  000.324: require('lazy.manage.semver')
243.789  001.400  000.404: require('lazy.manage.git')
244.544  000.269  000.269: require('lazy.view.sections')
244.777  000.227  000.227: require('lazy.view.text')
244.787  000.997  000.500: require('lazy.view.render')
244.793  004.997  000.908: require('lazy.view')
245.094  000.155  000.155: sourcing nvim_exec2() called at VimEnter Autocommands for "*":0
245.103  000.004  000.004: sourcing nvim_exec2() called at VimEnter Autocommands for "*":0
249.169  000.351  000.351: require('nvim-treesitter.utils')
251.756  000.334  000.334: require('vim.treesitter.language')
251.959  000.197  000.197: require('vim.func')
252.177  000.211  000.211: require('vim.func._memoize')
252.216  001.189  000.447: require('vim.treesitter.query')
252.529  000.311  000.311: require('vim.treesitter._range')
252.549  001.968  000.468: require('vim.treesitter.languagetree')
252.555  002.342  000.374: require('vim.treesitter')
253.503  004.328  001.985: require('nvim-treesitter.parsers')
255.877  000.530  000.530: require('nvim-treesitter.compat')
257.933  001.029  001.029: require('nvim-treesitter.ts_utils')
257.948  002.064  001.034: require('nvim-treesitter.tsrange')
258.446  000.495  000.495: require('nvim-treesitter.caching')
258.463  003.454  000.365: require('nvim-treesitter.query')
258.482  003.828  000.374: require('nvim-treesitter.configs')
258.489  004.981  001.153: require('nvim-treesitter.info')
259.031  000.538  000.538: require('nvim-treesitter.shell_command_selectors')
259.069  010.761  000.562: require('nvim-treesitter.install')
259.500  000.426  000.426: require('nvim-treesitter.statusline')
259.813  000.308  000.308: require('nvim-treesitter.query_predicates')
259.819  012.233  000.738: require('nvim-treesitter')
260.235  000.406  000.406: require('vim.iter')
261.074  013.821  001.182: sourcing /home/sahilshah/.local/share/nvim/lazy/nvim-treesitter/plugin/nvim-treesitter.lua
261.085  013.867  000.046: sourcing nvim_exec2() called at BufReadPost Autocommands for "*":0
261.097  000.003  000.003: sourcing nvim_exec2() called at BufReadPost Autocommands for "*":0
261.112  000.001  000.001: sourcing nvim_exec2() called at BufReadPost Autocommands for "*":0
266.288  000.388  000.388: require('nvim-treesitter.indent')
267.171  000.341  000.341: require('nvim-treesitter.highlight')
269.141  001.663  001.663: require('vim.filetype')
271.625  000.334  000.334: sourcing /opt/nvim-linux-x86_64/share/nvim/runtime/ftplugin/lua.vim
279.251  000.488  000.488: require('vim.treesitter.highlighter')
282.401  010.748  010.260: sourcing /opt/nvim-linux-x86_64/share/nvim/runtime/ftplugin/lua.lua
283.771  000.293  000.293: sourcing /opt/nvim-linux-x86_64/share/nvim/runtime/indent/lua.vim
286.638  000.606  000.606: require('vim.lsp.client')
287.405  000.438  000.438: require('vim._system')
294.080  000.769  000.769: require('vim.version')
311.451  010.316  010.316: require('editorconfig')
328.666  000.194  000.194: sourcing /opt/nvim-linux-x86_64/share/nvim/runtime/ftplugin/lua.vim
329.107  000.403  000.403: sourcing /opt/nvim-linux-x86_64/share/nvim/runtime/ftplugin/lua.lua
330.258  000.061  000.061: sourcing /opt/nvim-linux-x86_64/share/nvim/runtime/indent/lua.vim
349.442  104.312  063.887: sourcing /home/sahilshah/.local/share/nvim/sessions/%2Fhome%2Fsahilshah%2F%2Econfig%2Fnvim.vim
349.457  104.350  000.038: sourcing nvim_exec2() called at VimEnter Autocommands for "*":0
350.256  000.988: VimEnter autocommands
350.479  000.222: UIEnter autocommands
350.484  000.005: before starting main loop
355.459  000.804  000.804: require('vim.hl')
385.975  034.686: first screen update
385.983  000.008: --- NVIM STARTED ---

